2019-01-12 14:34:13 DEBUG - 终端连接:Session [id=d8cb8afffe3579a7-00000cad-00000001-3880a0cc2dd49c1b-07de7de6, terminalPhone=null, channel=[id: 0x07de7de6, L:/192.168.0.110:8099 - R:/192.168.0.110:39947]] cn.hylexus.jt808.service.handler.TCPServerHandler(239)
2019-01-12 14:34:13 DEBUG - 终端注册:{
	"checkSum":115,
	"msgHeader":{
		"encryptionType":0,
		"flowId":63,
		"hasSubPackage":false,
		"msgBodyLength":45,
		"msgBodyPropsField":45,
		"msgId":256,
		"packageInfoField":0,
		"reservedBit":"0",
		"subPackageSeq":0,
		"terminalPhone":"66478790375",
		"totalSubPackage":0
	},
	"terminalRegInfo":{
		"cityId":2622,
		"licensePlate":"\u0000\u0000\u0000\u00000000088\u0001桂L62D26",
		"licensePlateColor":0,
		"manufacturerId":"70111",
		"provinceId":45,
		"terminalId":"D\u0000\u0000\u0000\u0000\u0000\u0000",
		"terminalType":"BSJ-A6-B"
	}
} cn.hylexus.jt808.service.TerminalMsgProcessService(37)
2019-01-12 14:34:17 DEBUG - 终端鉴权:{
	"authCode":"111111",
	"checkSum":80,
	"msgHeader":{
		"encryptionType":0,
		"flowId":64,
		"hasSubPackage":false,
		"msgBodyLength":6,
		"msgBodyPropsField":6,
		"msgId":258,
		"packageInfoField":0,
		"reservedBit":"0",
		"subPackageSeq":0,
		"terminalPhone":"66478790375",
		"totalSubPackage":0
	}
} cn.hylexus.jt808.service.TerminalMsgProcessService(73)
2019-01-12 14:34:18 DEBUG - 批量位置 信息:{
	"checkSum":109,
	"direction":40960,
	"elevation":23046,
	"latitude":1.102205E-39,
	"longitude":4.3166648E21,
	"msgHeader":{
		"encryptionType":0,
		"flowId":65,
		"hasSubPackage":false,
		"msgBodyLength":65,
		"msgBodyPropsField":65,
		"msgId":1796,
		"packageInfoField":0,
		"reservedBit":"0",
		"subPackageSeq":0,
		"terminalPhone":"66478790375",
		"totalSubPackage":0
	},
	"speed":6.04E-41,
	"statusField":1006632960,
	"warningFlagField":257
} cn.hylexus.jt808.service.TerminalMsgProcessService(166)
2019-01-12 14:34:19 DEBUG - 心跳信息:{
	"checkSum":85,
	"msgHeader":{
		"encryptionType":0,
		"flowId":66,
		"hasSubPackage":false,
		"msgBodyLength":0,
		"msgBodyPropsField":0,
		"msgId":2,
		"packageInfoField":0,
		"reservedBit":"0",
		"subPackageSeq":0,
		"terminalPhone":"66478790375",
		"totalSubPackage":0
	}
} cn.hylexus.jt808.service.TerminalMsgProcessService(106)
2019-01-12 14:50:17 DEBUG - 终端连接:Session [id=d8cb8afffe3579a7-00001007-00000001-8ff2897d294352c2-a870a233, terminalPhone=null, channel=[id: 0xa870a233, L:/192.168.0.110:8099 - R:/192.168.0.110:40413]] cn.hylexus.jt808.service.handler.TCPServerHandler(239)
2019-01-12 14:50:52 DEBUG - 终端连接:Session [id=d8cb8afffe3579a7-00001007-00000002-91d3a8433943dbe5-64d77b88, terminalPhone=null, channel=[id: 0x64d77b88, L:/192.168.0.110:8099 - R:/192.168.0.110:39215]] cn.hylexus.jt808.service.handler.TCPServerHandler(239)
2019-01-12 14:50:53 DEBUG - 终端断开连接:Session [id=d8cb8afffe3579a7-00001007-00000001-8ff2897d294352c2-a870a233, terminalPhone=null, channel=[id: 0xa870a233, L:/192.168.0.110:8099 ! R:/192.168.0.110:40413]] cn.hylexus.jt808.service.handler.TCPServerHandler(247)
2019-01-12 14:51:08 DEBUG - 终端断开连接:Session [id=d8cb8afffe3579a7-00001007-00000002-91d3a8433943dbe5-64d77b88, terminalPhone=null, channel=[id: 0x64d77b88, L:/192.168.0.110:8099 ! R:/192.168.0.110:39215]] cn.hylexus.jt808.service.handler.TCPServerHandler(247)
2019-01-12 14:51:09 DEBUG - 终端连接:Session [id=d8cb8afffe3579a7-00001007-00000003-713436a505441cdd-d12c49f4, terminalPhone=null, channel=[id: 0xd12c49f4, L:/192.168.0.110:8099 - R:/192.168.0.110:34417]] cn.hylexus.jt808.service.handler.TCPServerHandler(239)
2019-01-12 14:51:09 DEBUG - 终端注册:{
	"checkSum":56,
	"msgHeader":{
		"encryptionType":0,
		"flowId":116,
		"hasSubPackage":false,
		"msgBodyLength":45,
		"msgBodyPropsField":45,
		"msgId":256,
		"packageInfoField":0,
		"reservedBit":"0",
		"subPackageSeq":0,
		"terminalPhone":"66478790375",
		"totalSubPackage":0
	},
	"terminalRegInfo":{
		"cityId":2622,
		"licensePlate":"\u0000\u0000\u0000\u00000000088\u0001桂L62D26",
		"licensePlateColor":0,
		"manufacturerId":"70111",
		"provinceId":45,
		"terminalId":"D\u0000\u0000\u0000\u0000\u0000\u0000",
		"terminalType":"BSJ-A6-B"
	}
} cn.hylexus.jt808.service.TerminalMsgProcessService(38)
2019-01-12 14:51:10 DEBUG - 终端注册:{
	"checkSum":59,
	"msgHeader":{
		"encryptionType":0,
		"flowId":119,
		"hasSubPackage":false,
		"msgBodyLength":45,
		"msgBodyPropsField":45,
		"msgId":256,
		"packageInfoField":0,
		"reservedBit":"0",
		"subPackageSeq":0,
		"terminalPhone":"66478790375",
		"totalSubPackage":0
	},
	"terminalRegInfo":{
		"cityId":2622,
		"licensePlate":"\u0000\u0000\u0000\u00000000088\u0001桂L62D26",
		"licensePlateColor":0,
		"manufacturerId":"70111",
		"provinceId":45,
		"terminalId":"D\u0000\u0000\u0000\u0000\u0000\u0000",
		"terminalType":"BSJ-A6-B"
	}
} cn.hylexus.jt808.service.TerminalMsgProcessService(38)
2019-01-12 14:51:12 DEBUG - 终端鉴权:{
	"authCode":"111111",
	"checkSum":104,
	"msgHeader":{
		"encryptionType":0,
		"flowId":120,
		"hasSubPackage":false,
		"msgBodyLength":6,
		"msgBodyPropsField":6,
		"msgId":258,
		"packageInfoField":0,
		"reservedBit":"0",
		"subPackageSeq":0,
		"terminalPhone":"66478790375",
		"totalSubPackage":0
	}
} cn.hylexus.jt808.service.TerminalMsgProcessService(75)
2019-01-12 14:51:20 DEBUG - 批量位置 信息:{
	"checkSum":108,
	"direction":40960,
	"elevation":23046,
	"latitude":1.102205E-39,
	"longitude":4.3166648E21,
	"msgHeader":{
		"encryptionType":0,
		"flowId":122,
		"hasSubPackage":false,
		"msgBodyLength":251,
		"msgBodyPropsField":251,
		"msgId":1796,
		"packageInfoField":0,
		"reservedBit":"0",
		"subPackageSeq":0,
		"terminalPhone":"66478790375",
		"totalSubPackage":0
	},
	"speed":6.04E-41,
	"statusField":1006632960,
	"warningFlagField":1025
} cn.hylexus.jt808.service.TerminalMsgProcessService(172)
2019-01-12 14:51:21 DEBUG - 心跳信息:{
	"checkSum":108,
	"msgHeader":{
		"encryptionType":0,
		"flowId":123,
		"hasSubPackage":false,
		"msgBodyLength":0,
		"msgBodyPropsField":0,
		"msgId":2,
		"packageInfoField":0,
		"reservedBit":"0",
		"subPackageSeq":0,
		"terminalPhone":"66478790375",
		"totalSubPackage":0
	}
} cn.hylexus.jt808.service.TerminalMsgProcessService(109)
2019-01-12 14:51:29 DEBUG - 批量位置 信息:{
	"checkSum":107,
	"direction":40960,
	"elevation":23046,
	"latitude":1.102205E-39,
	"longitude":4.3166648E21,
	"msgHeader":{
		"encryptionType":0,
		"flowId":125,
		"hasSubPackage":false,
		"msgBodyLength":251,
		"msgBodyPropsField":251,
		"msgId":1796,
		"packageInfoField":0,
		"reservedBit":"0",
		"subPackageSeq":0,
		"terminalPhone":"66478790375",
		"totalSubPackage":0
	},
	"speed":6.04E-41,
	"statusField":1006632960,
	"warningFlagField":1025
} cn.hylexus.jt808.service.TerminalMsgProcessService(172)
2019-01-12 14:58:48 DEBUG - 终端连接:Session [id=d8cb8afffe3579a7-00001117-00000001-be3bb1b1f08b1e65-3a5ea26e, terminalPhone=null, channel=[id: 0x3a5ea26e, L:/192.168.0.110:8099 - R:/192.168.0.110:38501]] cn.hylexus.jt808.service.handler.TCPServerHandler(239)
2019-01-12 14:58:48 DEBUG - 终端注册:{
	"checkSum":-40,
	"msgHeader":{
		"encryptionType":0,
		"flowId":148,
		"hasSubPackage":false,
		"msgBodyLength":45,
		"msgBodyPropsField":45,
		"msgId":256,
		"packageInfoField":0,
		"reservedBit":"0",
		"subPackageSeq":0,
		"terminalPhone":"66478790375",
		"totalSubPackage":0
	},
	"terminalRegInfo":{
		"cityId":2622,
		"licensePlate":"\u0000\u0000\u0000\u00000000088\u0001桂L62D26",
		"licensePlateColor":0,
		"manufacturerId":"70111",
		"provinceId":45,
		"terminalId":"D\u0000\u0000\u0000\u0000\u0000\u0000",
		"terminalType":"BSJ-A6-B"
	}
} cn.hylexus.jt808.service.TerminalMsgProcessService(38)
2019-01-12 14:59:01 DEBUG - 终端注册:{
	"checkSum":-38,
	"msgHeader":{
		"encryptionType":0,
		"flowId":150,
		"hasSubPackage":false,
		"msgBodyLength":45,
		"msgBodyPropsField":45,
		"msgId":256,
		"packageInfoField":0,
		"reservedBit":"0",
		"subPackageSeq":0,
		"terminalPhone":"66478790375",
		"totalSubPackage":0
	},
	"terminalRegInfo":{
		"cityId":2622,
		"licensePlate":"\u0000\u0000\u0000\u00000000088\u0001桂L62D26",
		"licensePlateColor":0,
		"manufacturerId":"70111",
		"provinceId":45,
		"terminalId":"D\u0000\u0000\u0000\u0000\u0000\u0000",
		"terminalType":"BSJ-A6-B"
	}
} cn.hylexus.jt808.service.TerminalMsgProcessService(38)
2019-01-12 14:59:07 DEBUG - 终端鉴权:{
	"authCode":"111111",
	"checkSum":-121,
	"msgHeader":{
		"encryptionType":0,
		"flowId":151,
		"hasSubPackage":false,
		"msgBodyLength":6,
		"msgBodyPropsField":6,
		"msgId":258,
		"packageInfoField":0,
		"reservedBit":"0",
		"subPackageSeq":0,
		"terminalPhone":"66478790375",
		"totalSubPackage":0
	}
} cn.hylexus.jt808.service.TerminalMsgProcessService(75)
2019-01-12 14:59:09 DEBUG - 批量位置 信息:{
	"checkSum":25,
	"direction":40960,
	"elevation":23046,
	"latitude":1.102205E-39,
	"longitude":4.3166648E21,
	"msgHeader":{
		"encryptionType":0,
		"flowId":152,
		"hasSubPackage":false,
		"msgBodyLength":189,
		"msgBodyPropsField":189,
		"msgId":1796,
		"packageInfoField":0,
		"reservedBit":"0",
		"subPackageSeq":0,
		"terminalPhone":"66478790375",
		"totalSubPackage":0
	},
	"speed":6.04E-41,
	"statusField":1006632960,
	"warningFlagField":769
} cn.hylexus.jt808.service.TerminalMsgProcessService(172)
2019-01-12 14:59:10 DEBUG - 位置 信息:{
	"checkSum":-79,
	"direction":357,
	"elevation":102,
	"latitude":1.60028431E16,
	"longitude":-2.8523188E-19,
	"msgHeader":{
		"encryptionType":0,
		"flowId":153,
		"hasSubPackage":false,
		"msgBodyLength":60,
		"msgBodyPropsField":60,
		"msgId":512,
		"packageInfoField":0,
		"reservedBit":"0",
		"subPackageSeq":0,
		"terminalPhone":"66478790375",
		"totalSubPackage":0
	},
	"speed":0,
	"statusField":786626,
	"warningFlagField":0
} cn.hylexus.jt808.service.TerminalMsgProcessService(151)
2019-01-12 14:59:11 DEBUG - 心跳信息:{
	"checkSum":-115,
	"msgHeader":{
		"encryptionType":0,
		"flowId":154,
		"hasSubPackage":false,
		"msgBodyLength":0,
		"msgBodyPropsField":0,
		"msgId":2,
		"packageInfoField":0,
		"reservedBit":"0",
		"subPackageSeq":0,
		"terminalPhone":"66478790375",
		"totalSubPackage":0
	}
} cn.hylexus.jt808.service.TerminalMsgProcessService(109)
2019-01-12 15:01:10 DEBUG - 位置 信息:{
	"checkSum":-25,
	"direction":357,
	"elevation":76,
	"latitude":1.60028431E16,
	"longitude":-2.8523188E-19,
	"msgHeader":{
		"encryptionType":0,
		"flowId":166,
		"hasSubPackage":false,
		"msgBodyLength":60,
		"msgBodyPropsField":60,
		"msgId":512,
		"packageInfoField":0,
		"reservedBit":"0",
		"subPackageSeq":0,
		"terminalPhone":"66478790375",
		"totalSubPackage":0
	},
	"speed":0,
	"statusField":786626,
	"warningFlagField":0
} cn.hylexus.jt808.service.TerminalMsgProcessService(151)
2019-01-12 15:01:55 DEBUG - 终端断开连接:Session [id=d8cb8afffe3579a7-00001117-00000001-be3bb1b1f08b1e65-3a5ea26e, terminalPhone=66478790375, channel=[id: 0x3a5ea26e, L:/192.168.0.110:8099 ! R:/192.168.0.110:38501]] cn.hylexus.jt808.service.handler.TCPServerHandler(247)
2019-01-12 15:02:47 DEBUG - 终端连接:Session [id=d8cb8afffe3579a7-00001117-00000002-5be5218ce28ec250-4cf71b06, terminalPhone=null, channel=[id: 0x4cf71b06, L:/192.168.0.110:8099 - R:/192.168.0.110:43093]] cn.hylexus.jt808.service.handler.TCPServerHandler(239)
2019-01-12 15:02:49 DEBUG - 终端鉴权:{
	"authCode":"111111",
	"checkSum":-70,
	"msgHeader":{
		"encryptionType":0,
		"flowId":170,
		"hasSubPackage":false,
		"msgBodyLength":6,
		"msgBodyPropsField":6,
		"msgId":258,
		"packageInfoField":0,
		"reservedBit":"0",
		"subPackageSeq":0,
		"terminalPhone":"66478790375",
		"totalSubPackage":0
	}
} cn.hylexus.jt808.service.TerminalMsgProcessService(75)
2019-01-12 15:02:52 DEBUG - 心跳信息:{
	"checkSum":-68,
	"msgHeader":{
		"encryptionType":0,
		"flowId":171,
		"hasSubPackage":false,
		"msgBodyLength":0,
		"msgBodyPropsField":0,
		"msgId":2,
		"packageInfoField":0,
		"reservedBit":"0",
		"subPackageSeq":0,
		"terminalPhone":"66478790375",
		"totalSubPackage":0
	}
} cn.hylexus.jt808.service.TerminalMsgProcessService(109)
2019-01-12 15:03:09 DEBUG - 位置 信息:{
	"checkSum":47,
	"direction":173,
	"elevation":73,
	"latitude":1.60028431E16,
	"longitude":-2.8523188E-19,
	"msgHeader":{
		"encryptionType":0,
		"flowId":173,
		"hasSubPackage":false,
		"msgBodyLength":60,
		"msgBodyPropsField":60,
		"msgId":512,
		"packageInfoField":0,
		"reservedBit":"0",
		"subPackageSeq":0,
		"terminalPhone":"66478790375",
		"totalSubPackage":0
	},
	"speed":0,
	"statusField":786626,
	"warningFlagField":0
} cn.hylexus.jt808.service.TerminalMsgProcessService(151)
2019-01-12 15:05:09 DEBUG - 位置 信息:{
	"checkSum":107,
	"direction":222,
	"elevation":102,
	"latitude":1.60028431E16,
	"longitude":-2.8523188E-19,
	"msgHeader":{
		"encryptionType":0,
		"flowId":185,
		"hasSubPackage":false,
		"msgBodyLength":60,
		"msgBodyPropsField":60,
		"msgId":512,
		"packageInfoField":0,
		"reservedBit":"0",
		"subPackageSeq":0,
		"terminalPhone":"66478790375",
		"totalSubPackage":0
	},
	"speed":0,
	"statusField":786626,
	"warningFlagField":0
} cn.hylexus.jt808.service.TerminalMsgProcessService(151)
2019-01-12 15:05:52 DEBUG - 心跳信息:{
	"checkSum":-87,
	"msgHeader":{
		"encryptionType":0,
		"flowId":190,
		"hasSubPackage":false,
		"msgBodyLength":0,
		"msgBodyPropsField":0,
		"msgId":2,
		"packageInfoField":0,
		"reservedBit":"0",
		"subPackageSeq":0,
		"terminalPhone":"66478790375",
		"totalSubPackage":0
	}
} cn.hylexus.jt808.service.TerminalMsgProcessService(109)
2019-01-12 15:06:02 DEBUG - 终端断开连接:Session [id=d8cb8afffe3579a7-00001117-00000002-5be5218ce28ec250-4cf71b06, terminalPhone=66478790375, channel=[id: 0x4cf71b06, L:/192.168.0.110:8099 ! R:/192.168.0.110:43093]] cn.hylexus.jt808.service.handler.TCPServerHandler(247)
2019-01-12 15:06:59 DEBUG - 终端连接:Session [id=d8cb8afffe3579a7-00001117-00000003-e29201d3beb29b52-b586c37d, terminalPhone=null, channel=[id: 0xb586c37d, L:/192.168.0.110:8099 - R:/192.168.0.110:33655]] cn.hylexus.jt808.service.handler.TCPServerHandler(239)
2019-01-12 15:07:01 DEBUG - 终端鉴权:{
	"authCode":"111111",
	"checkSum":-81,
	"msgHeader":{
		"encryptionType":0,
		"flowId":191,
		"hasSubPackage":false,
		"msgBodyLength":6,
		"msgBodyPropsField":6,
		"msgId":258,
		"packageInfoField":0,
		"reservedBit":"0",
		"subPackageSeq":0,
		"terminalPhone":"66478790375",
		"totalSubPackage":0
	}
} cn.hylexus.jt808.service.TerminalMsgProcessService(75)
2019-01-12 15:20:53 DEBUG - 终端连接:Session [id=d8cb8afffe3579a7-000013a4-00000001-0d577de8023f5479-9a4b83ff, terminalPhone=null, channel=[id: 0x9a4b83ff, L:/192.168.0.110:8099 - R:/192.168.0.110:35771]] cn.hylexus.jt808.service.handler.TCPServerHandler(237)
2019-01-12 15:20:53 DEBUG - 终端注册:{
	"checkSum":-70,
	"msgHeader":{
		"encryptionType":0,
		"flowId":246,
		"hasSubPackage":false,
		"msgBodyLength":45,
		"msgBodyPropsField":45,
		"msgId":256,
		"packageInfoField":0,
		"reservedBit":"0",
		"subPackageSeq":0,
		"terminalPhone":"66478790375",
		"totalSubPackage":0
	},
	"terminalRegInfo":{
		"cityId":2622,
		"licensePlate":"\u0000\u0000\u0000\u00000000088\u0001桂L62D26",
		"licensePlateColor":0,
		"manufacturerId":"70111",
		"provinceId":45,
		"terminalId":"D\u0000\u0000\u0000\u0000\u0000\u0000",
		"terminalType":"BSJ-A6-B"
	}
} cn.hylexus.jt808.service.TerminalMsgProcessService(35)
2019-01-12 15:20:56 DEBUG - 终端鉴权:{
	"authCode":"111111",
	"checkSum":-24,
	"msgHeader":{
		"encryptionType":0,
		"flowId":248,
		"hasSubPackage":false,
		"msgBodyLength":6,
		"msgBodyPropsField":6,
		"msgId":258,
		"packageInfoField":0,
		"reservedBit":"0",
		"subPackageSeq":0,
		"terminalPhone":"66478790375",
		"totalSubPackage":0
	}
} cn.hylexus.jt808.service.TerminalMsgProcessService(72)
2019-01-12 15:21:01 DEBUG - 批量位置 信息:{
	"checkSum":-28,
	"direction":40960,
	"elevation":23046,
	"latitude":1.102205E-39,
	"longitude":4.3166648E21,
	"msgHeader":{
		"encryptionType":0,
		"flowId":249,
		"hasSubPackage":false,
		"msgBodyLength":189,
		"msgBodyPropsField":189,
		"msgId":1796,
		"packageInfoField":0,
		"reservedBit":"0",
		"subPackageSeq":0,
		"terminalPhone":"66478790375",
		"totalSubPackage":0
	},
	"speed":6.04E-41,
	"statusField":1006632960,
	"warningFlagField":769
} cn.hylexus.jt808.service.TerminalMsgProcessService(169)
2019-01-12 15:21:03 DEBUG - 心跳信息:{
	"checkSum":-20,
	"msgHeader":{
		"encryptionType":0,
		"flowId":251,
		"hasSubPackage":false,
		"msgBodyLength":0,
		"msgBodyPropsField":0,
		"msgId":2,
		"packageInfoField":0,
		"reservedBit":"0",
		"subPackageSeq":0,
		"terminalPhone":"66478790375",
		"totalSubPackage":0
	}
} cn.hylexus.jt808.service.TerminalMsgProcessService(106)
2019-01-12 15:22:18 DEBUG - 终端断开连接:Session [id=d8cb8afffe3579a7-000013a4-00000001-0d577de8023f5479-9a4b83ff, terminalPhone=66478790375, channel=[id: 0x9a4b83ff, L:/192.168.0.110:8099 ! R:/192.168.0.110:35771]] cn.hylexus.jt808.service.handler.TCPServerHandler(245)
2019-01-12 15:23:30 DEBUG - 终端连接:Session [id=d8cb8afffe3579a7-000013ea-00000001-a6522b092621b92d-c0445017, terminalPhone=null, channel=[id: 0xc0445017, L:/192.168.0.110:8099 - R:/192.168.0.110:42781]] cn.hylexus.jt808.service.handler.TCPServerHandler(237)
2019-01-12 15:23:32 DEBUG - 终端鉴权:{
	"authCode":"111111",
	"checkSum":17,
	"msgHeader":{
		"encryptionType":0,
		"flowId":1,
		"hasSubPackage":false,
		"msgBodyLength":6,
		"msgBodyPropsField":6,
		"msgId":258,
		"packageInfoField":0,
		"reservedBit":"0",
		"subPackageSeq":0,
		"terminalPhone":"66478790375",
		"totalSubPackage":0
	}
} cn.hylexus.jt808.service.TerminalMsgProcessService(72)
2019-01-12 15:23:36 DEBUG - 心跳信息:{
	"checkSum":21,
	"msgHeader":{
		"encryptionType":0,
		"flowId":2,
		"hasSubPackage":false,
		"msgBodyLength":0,
		"msgBodyPropsField":0,
		"msgId":2,
		"packageInfoField":0,
		"reservedBit":"0",
		"subPackageSeq":0,
		"terminalPhone":"66478790375",
		"totalSubPackage":0
	}
} cn.hylexus.jt808.service.TerminalMsgProcessService(106)
2019-01-12 15:24:40 DEBUG - 位置 信息:{
	"checkSum":64,
	"direction":0,
	"elevation":82,
	"latitude":1.01337183E15,
	"longitude":346872.2,
	"msgHeader":{
		"encryptionType":0,
		"flowId":8,
		"hasSubPackage":false,
		"msgBodyLength":60,
		"msgBodyPropsField":60,
		"msgId":512,
		"packageInfoField":0,
		"reservedBit":"0",
		"subPackageSeq":0,
		"terminalPhone":"66478790375",
		"totalSubPackage":0
	},
	"speed":0,
	"statusField":786626,
	"warningFlagField":0
} cn.hylexus.jt808.service.TerminalMsgProcessService(148)
2019-01-12 15:43:34 DEBUG - 终端连接:Session [id=d8cb8afffe3579a7-0000182a-00000001-4ca925cf3f341902-fdc1b77f, terminalPhone=null, channel=[id: 0xfdc1b77f, L:/192.168.0.110:8099 - R:/192.168.0.110:37755]] com.tuocheng.jt808.service.handler.TCPServerHandler(237)
2019-01-12 15:43:34 DEBUG - 终端鉴权:{
	"authCode":"111111",
	"checkSum":66,
	"msgHeader":{
		"encryptionType":0,
		"flowId":82,
		"hasSubPackage":false,
		"msgBodyLength":6,
		"msgBodyPropsField":6,
		"msgId":258,
		"packageInfoField":0,
		"reservedBit":"0",
		"subPackageSeq":0,
		"terminalPhone":"66478790375",
		"totalSubPackage":0
	}
} com.tuocheng.jt808.service.TerminalMsgProcessService(72)
2019-01-12 15:43:34 DEBUG - 终端鉴权:{
	"authCode":"111111",
	"checkSum":68,
	"msgHeader":{
		"encryptionType":0,
		"flowId":84,
		"hasSubPackage":false,
		"msgBodyLength":6,
		"msgBodyPropsField":6,
		"msgId":258,
		"packageInfoField":0,
		"reservedBit":"0",
		"subPackageSeq":0,
		"terminalPhone":"66478790375",
		"totalSubPackage":0
	}
} com.tuocheng.jt808.service.TerminalMsgProcessService(72)
2019-01-12 15:43:34 DEBUG - 终端鉴权:{
	"authCode":"111111",
	"checkSum":70,
	"msgHeader":{
		"encryptionType":0,
		"flowId":86,
		"hasSubPackage":false,
		"msgBodyLength":6,
		"msgBodyPropsField":6,
		"msgId":258,
		"packageInfoField":0,
		"reservedBit":"0",
		"subPackageSeq":0,
		"terminalPhone":"66478790375",
		"totalSubPackage":0
	}
} com.tuocheng.jt808.service.TerminalMsgProcessService(72)
2019-01-12 15:44:33 DEBUG - 终端连接:Session [id=d8cb8afffe3579a7-0000182a-00000002-9f6cca1570350161-d9e86d14, terminalPhone=null, channel=[id: 0xd9e86d14, L:/192.168.0.110:8099 - R:/192.168.0.110:46051]] com.tuocheng.jt808.service.handler.TCPServerHandler(237)
2019-01-12 15:44:45 DEBUG - 终端注册:{
	"checkSum":20,
	"msgHeader":{
		"encryptionType":0,
		"flowId":88,
		"hasSubPackage":false,
		"msgBodyLength":45,
		"msgBodyPropsField":45,
		"msgId":256,
		"packageInfoField":0,
		"reservedBit":"0",
		"subPackageSeq":0,
		"terminalPhone":"66478790375",
		"totalSubPackage":0
	},
	"terminalRegInfo":{
		"cityId":2622,
		"licensePlate":"\u0000\u0000\u0000\u00000000088\u0001桂L62D26",
		"licensePlateColor":0,
		"manufacturerId":"70111",
		"provinceId":45,
		"terminalId":"D\u0000\u0000\u0000\u0000\u0000\u0000",
		"terminalType":"BSJ-A6-B"
	}
} com.tuocheng.jt808.service.TerminalMsgProcessService(35)
2019-01-12 15:44:52 DEBUG - 终端鉴权:{
	"authCode":"111111",
	"checkSum":73,
	"msgHeader":{
		"encryptionType":0,
		"flowId":89,
		"hasSubPackage":false,
		"msgBodyLength":6,
		"msgBodyPropsField":6,
		"msgId":258,
		"packageInfoField":0,
		"reservedBit":"0",
		"subPackageSeq":0,
		"terminalPhone":"66478790375",
		"totalSubPackage":0
	}
} com.tuocheng.jt808.service.TerminalMsgProcessService(72)
2019-01-12 15:44:53 DEBUG - 批量位置 信息:{
	"checkSum":30,
	"direction":18432,
	"elevation":22534,
	"latitude":1.102026E-39,
	"longitude":2.7626655E23,
	"msgHeader":{
		"encryptionType":0,
		"flowId":90,
		"hasSubPackage":false,
		"msgBodyLength":127,
		"msgBodyPropsField":127,
		"msgId":1796,
		"packageInfoField":0,
		"reservedBit":"0",
		"subPackageSeq":0,
		"terminalPhone":"66478790375",
		"totalSubPackage":0
	},
	"speed":6.0759E-41,
	"statusField":1006632960,
	"warningFlagField":513
} com.tuocheng.jt808.service.TerminalMsgProcessService(169)
2019-01-12 15:44:54 DEBUG - 心跳信息:{
	"checkSum":76,
	"msgHeader":{
		"encryptionType":0,
		"flowId":91,
		"hasSubPackage":false,
		"msgBodyLength":0,
		"msgBodyPropsField":0,
		"msgId":2,
		"packageInfoField":0,
		"reservedBit":"0",
		"subPackageSeq":0,
		"terminalPhone":"66478790375",
		"totalSubPackage":0
	}
} com.tuocheng.jt808.service.TerminalMsgProcessService(106)
2019-01-12 15:46:49 DEBUG - 位置 信息:{
	"checkSum":12,
	"direction":10,
	"elevation":96,
	"latitude":1.01337183E15,
	"longitude":346872.2,
	"msgHeader":{
		"encryptionType":0,
		"flowId":102,
		"hasSubPackage":false,
		"msgBodyLength":60,
		"msgBodyPropsField":60,
		"msgId":512,
		"packageInfoField":0,
		"reservedBit":"0",
		"subPackageSeq":0,
		"terminalPhone":"66478790375",
		"totalSubPackage":0
	},
	"speed":0,
	"statusField":786626,
	"warningFlagField":0
} com.tuocheng.jt808.service.TerminalMsgProcessService(148)
