2019-01-12 14:29:56  INFO - TCP服务启动完毕,port=8099 cn.hylexus.jt808.server.Server808Thread(105)
2019-01-12 14:34:13  INFO - ---->data from terminal is:0100002D066478790375003F002D0A3E373031313142534A2D41362D424400000000000000000000003030303030383801B9F04C363244323673 cn.hylexus.jt808.service.handler.TCPServerHandler(55)
2019-01-12 14:34:13  INFO - <<<<<[终端注册],phone=66478790375,flowid=63 cn.hylexus.jt808.service.handler.TCPServerHandler(309)
2019-01-12 14:34:17  INFO - ---->data from terminal is:01020006066478790375004031313131313150 cn.hylexus.jt808.service.handler.TCPServerHandler(55)
2019-01-12 14:34:17  INFO - >>>>>[终端鉴权],phone=66478790375,flowid=64 cn.hylexus.jt808.service.handler.TCPServerHandler(293)
2019-01-12 14:34:17  INFO - <<<<<[终端鉴权],phone=66478790375,flowid=64 cn.hylexus.jt808.service.handler.TCPServerHandler(297)
2019-01-12 14:34:18  INFO - ---->data from terminal is:070400410664787903750041000101003C00000080000C00C2016A635A065FA8A000550000016519011214341201040000000002020000030200002504000000002B04000000003001193101116D cn.hylexus.jt808.service.handler.TCPServerHandler(55)
2019-01-12 14:34:18  INFO - >>>>>[批量上传位置信息],phone=66478790375,flowid=65 cn.hylexus.jt808.service.handler.TCPServerHandler(343)
2019-01-12 14:34:18  INFO - <<<<<[批量上传位置信息],phone=66478790375,flowid=65 cn.hylexus.jt808.service.handler.TCPServerHandler(351)
2019-01-12 14:34:19  INFO - ---->data from terminal is:00020000066478790375004255 cn.hylexus.jt808.service.handler.TCPServerHandler(55)
2019-01-12 14:34:19  INFO - >>>>>[终端心跳],phone=66478790375,flowid=66 cn.hylexus.jt808.service.handler.TCPServerHandler(281)
2019-01-12 14:34:19  INFO - <<<<<[终端心跳],phone=66478790375,flowid=66 cn.hylexus.jt808.service.handler.TCPServerHandler(284)
2019-01-12 14:50:06  INFO - TCP服务启动完毕,port=8099 cn.hylexus.jt808.server.Server808Thread(105)
2019-01-12 14:51:09  INFO - ---->data from terminal is:0100002D0664787903750074002D0A3E373031313142534A2D41362D424400000000000000000000003030303030383801B9F04C363244323638 cn.hylexus.jt808.service.handler.TCPServerHandler(55)
2019-01-12 14:51:09  INFO - <<<<<[终端注册],phone=66478790375,flowid=116 cn.hylexus.jt808.service.handler.TCPServerHandler(309)
2019-01-12 14:51:10  INFO - ---->data from terminal is:0100002D0664787903750077002D0A3E373031313142534A2D41362D424400000000000000000000003030303030383801B9F04C36324432363B cn.hylexus.jt808.service.handler.TCPServerHandler(55)
2019-01-12 14:51:10  INFO - <<<<<[终端注册],phone=66478790375,flowid=119 cn.hylexus.jt808.service.handler.TCPServerHandler(309)
2019-01-12 14:51:12  INFO - ---->data from terminal is:01020006066478790375007831313131313168 cn.hylexus.jt808.service.handler.TCPServerHandler(55)
2019-01-12 14:51:12  INFO - >>>>>[终端鉴权],phone=66478790375,flowid=120 cn.hylexus.jt808.service.handler.TCPServerHandler(293)
2019-01-12 14:51:12  INFO - <<<<<[终端鉴权],phone=66478790375,flowid=120 cn.hylexus.jt808.service.handler.TCPServerHandler(297)
2019-01-12 14:51:20  INFO - ---->data from terminal is:070400FB066478790375007A000401003C00000080000C00C2016A635A065FA8A000730000016519011214361201040000000002020000030200002504000000002B040000000030011831010C003C00000080000C00C2016A635A065FA8A000800000016519011214381201040000000002020000030200002504000000002B040000000030011831010D003C00000080000C00C2016A635A065FA8A000770000016519011214401201040000000002020000030200002504000000002B040000000030011731010F003C00000080000C00C2016A635A065FA8A000710000016519011214510801040000000002020000030200002504000000002B040000000030011831010F6C cn.hylexus.jt808.service.handler.TCPServerHandler(55)
2019-01-12 14:51:20  INFO - >>>>>[批量上传位置信息],phone=66478790375,flowid=122 cn.hylexus.jt808.service.handler.TCPServerHandler(343)
2019-01-12 14:51:20  INFO - <<<<<[批量上传位置信息],phone=66478790375,flowid=122 cn.hylexus.jt808.service.handler.TCPServerHandler(351)
2019-01-12 14:51:21  INFO - ---->data from terminal is:00020000066478790375007B6C cn.hylexus.jt808.service.handler.TCPServerHandler(55)
2019-01-12 14:51:21  INFO - >>>>>[终端心跳],phone=66478790375,flowid=123 cn.hylexus.jt808.service.handler.TCPServerHandler(281)
2019-01-12 14:51:21  INFO - <<<<<[终端心跳],phone=66478790375,flowid=123 cn.hylexus.jt808.service.handler.TCPServerHandler(284)
2019-01-12 14:51:29  INFO - ---->data from terminal is:070400FB066478790375007D000401003C00000080000C00C2016A635A065FA8A000730000016519011214361201040000000002020000030200002504000000002B040000000030011831010C003C00000080000C00C2016A635A065FA8A000800000016519011214381201040000000002020000030200002504000000002B040000000030011831010D003C00000080000C00C2016A635A065FA8A000770000016519011214401201040000000002020000030200002504000000002B040000000030011731010F003C00000080000C00C2016A635A065FA8A000710000016519011214510801040000000002020000030200002504000000002B040000000030011831010F6B cn.hylexus.jt808.service.handler.TCPServerHandler(55)
2019-01-12 14:51:29  INFO - >>>>>[批量上传位置信息],phone=66478790375,flowid=125 cn.hylexus.jt808.service.handler.TCPServerHandler(343)
2019-01-12 14:51:29  INFO - <<<<<[批量上传位置信息],phone=66478790375,flowid=125 cn.hylexus.jt808.service.handler.TCPServerHandler(351)
2019-01-12 14:58:40  INFO - TCP服务启动完毕,port=8099 cn.hylexus.jt808.server.Server808Thread(105)
2019-01-12 14:58:48  INFO - ---->data from terminal is:0100002D0664787903750094002D0A3E373031313142534A2D41362D424400000000000000000000003030303030383801B9F04C3632443236D8 cn.hylexus.jt808.service.handler.TCPServerHandler(55)
2019-01-12 14:58:48  INFO - <<<<<[终端注册],phone=66478790375,flowid=148 cn.hylexus.jt808.service.handler.TCPServerHandler(309)
2019-01-12 14:59:01  INFO - ---->data from terminal is:0100002D0664787903750096002D0A3E373031313142534A2D41362D424400000000000000000000003030303030383801B9F04C3632443236DA cn.hylexus.jt808.service.handler.TCPServerHandler(55)
2019-01-12 14:59:01  INFO - <<<<<[终端注册],phone=66478790375,flowid=150 cn.hylexus.jt808.service.handler.TCPServerHandler(309)
2019-01-12 14:59:07  INFO - ---->data from terminal is:01020006066478790375009731313131313187 cn.hylexus.jt808.service.handler.TCPServerHandler(55)
2019-01-12 14:59:07  INFO - >>>>>[终端鉴权],phone=66478790375,flowid=151 cn.hylexus.jt808.service.handler.TCPServerHandler(293)
2019-01-12 14:59:07  INFO - <<<<<[终端鉴权],phone=66478790375,flowid=151 cn.hylexus.jt808.service.handler.TCPServerHandler(297)
2019-01-12 14:59:09  INFO - ---->data from terminal is:070400BD0664787903750098000301003C00000080000C00C2016A635A065FA8A000740000016519011214530801040000000002020000030200002504000000002B040000000030011831010F003C00000080000C00C2016A635A065FA8A000770000016519011214550801040000000002020000030200002504000000002B040000000030011831010F003C00000080000C00C2016A635A065FA8A0006B0000016519011214570801040000000002020000030200002504000000002B040000000030011631010F19 cn.hylexus.jt808.service.handler.TCPServerHandler(55)
2019-01-12 14:59:09  INFO - >>>>>[批量上传位置信息],phone=66478790375,flowid=152 cn.hylexus.jt808.service.handler.TCPServerHandler(343)
2019-01-12 14:59:09  INFO - <<<<<[批量上传位置信息],phone=66478790375,flowid=152 cn.hylexus.jt808.service.handler.TCPServerHandler(351)
2019-01-12 14:59:10  INFO - ---->data from terminal is:0200003C066478790375009900000080000C00C2016A635A065FA8A000660000016519011214590701040000000002020000030200002504000000002B0400000000300117310110B1 cn.hylexus.jt808.service.handler.TCPServerHandler(55)
2019-01-12 14:59:10  INFO - >>>>>[位置信息],phone=66478790375,flowid=153 cn.hylexus.jt808.service.handler.TCPServerHandler(330)
2019-01-12 14:59:10  INFO - <<<<<[位置信息],phone=66478790375,flowid=153 cn.hylexus.jt808.service.handler.TCPServerHandler(334)
2019-01-12 14:59:11  INFO - ---->data from terminal is:00020000066478790375009A8D cn.hylexus.jt808.service.handler.TCPServerHandler(55)
2019-01-12 14:59:11  INFO - >>>>>[终端心跳],phone=66478790375,flowid=154 cn.hylexus.jt808.service.handler.TCPServerHandler(281)
2019-01-12 14:59:11  INFO - <<<<<[终端心跳],phone=66478790375,flowid=154 cn.hylexus.jt808.service.handler.TCPServerHandler(284)
2019-01-12 15:01:10  INFO - ---->data from terminal is:0200003C06647879037500A600000080000C00C2016A635A065FA8A0004C0000016519011215010701040000000002020000030200002504000000002B040000000030011731010AE7 cn.hylexus.jt808.service.handler.TCPServerHandler(55)
2019-01-12 15:01:10  INFO - >>>>>[位置信息],phone=66478790375,flowid=166 cn.hylexus.jt808.service.handler.TCPServerHandler(330)
2019-01-12 15:01:10  INFO - <<<<<[位置信息],phone=66478790375,flowid=166 cn.hylexus.jt808.service.handler.TCPServerHandler(334)
2019-01-12 15:02:49  INFO - ---->data from terminal is:0102000606647879037500AA313131313131BA cn.hylexus.jt808.service.handler.TCPServerHandler(55)
2019-01-12 15:02:49  INFO - >>>>>[终端鉴权],phone=66478790375,flowid=170 cn.hylexus.jt808.service.handler.TCPServerHandler(293)
2019-01-12 15:02:49  INFO - <<<<<[终端鉴权],phone=66478790375,flowid=170 cn.hylexus.jt808.service.handler.TCPServerHandler(297)
2019-01-12 15:02:52  INFO - ---->data from terminal is:0002000006647879037500ABBC cn.hylexus.jt808.service.handler.TCPServerHandler(55)
2019-01-12 15:02:52  INFO - >>>>>[终端心跳],phone=66478790375,flowid=171 cn.hylexus.jt808.service.handler.TCPServerHandler(281)
2019-01-12 15:02:52  INFO - <<<<<[终端心跳],phone=66478790375,flowid=171 cn.hylexus.jt808.service.handler.TCPServerHandler(284)
2019-01-12 15:03:09  INFO - ---->data from terminal is:0200003C06647879037500AD00000080000C00C2016A635A065FA8A00049000000AD19011215030701040000000002020000030200002504000000002B04000000003001173101072F cn.hylexus.jt808.service.handler.TCPServerHandler(55)
2019-01-12 15:03:09  INFO - >>>>>[位置信息],phone=66478790375,flowid=173 cn.hylexus.jt808.service.handler.TCPServerHandler(330)
2019-01-12 15:03:09  INFO - <<<<<[位置信息],phone=66478790375,flowid=173 cn.hylexus.jt808.service.handler.TCPServerHandler(334)
2019-01-12 15:05:09  INFO - ---->data from terminal is:0200003C06647879037500B900000080000C00C2016A635A065FA8A00066000000DE19011215050701040000000002020000030200002504000000002B040000000030011731010D6B cn.hylexus.jt808.service.handler.TCPServerHandler(55)
2019-01-12 15:05:09  INFO - >>>>>[位置信息],phone=66478790375,flowid=185 cn.hylexus.jt808.service.handler.TCPServerHandler(330)
2019-01-12 15:05:09  INFO - <<<<<[位置信息],phone=66478790375,flowid=185 cn.hylexus.jt808.service.handler.TCPServerHandler(334)
2019-01-12 15:05:52  INFO - ---->data from terminal is:0002000006647879037500BEA9 cn.hylexus.jt808.service.handler.TCPServerHandler(55)
2019-01-12 15:05:52  INFO - >>>>>[终端心跳],phone=66478790375,flowid=190 cn.hylexus.jt808.service.handler.TCPServerHandler(281)
2019-01-12 15:05:52  INFO - <<<<<[终端心跳],phone=66478790375,flowid=190 cn.hylexus.jt808.service.handler.TCPServerHandler(284)
2019-01-12 15:07:01  INFO - ---->data from terminal is:0102000606647879037500BF313131313131AF cn.hylexus.jt808.service.handler.TCPServerHandler(55)
2019-01-12 15:07:01  INFO - >>>>>[终端鉴权],phone=66478790375,flowid=191 cn.hylexus.jt808.service.handler.TCPServerHandler(293)
2019-01-12 15:07:01  INFO - <<<<<[终端鉴权],phone=66478790375,flowid=191 cn.hylexus.jt808.service.handler.TCPServerHandler(297)
2019-01-12 15:20:28  INFO - TCP服务启动完毕,port=8099 cn.hylexus.jt808.server.Server808Thread(104)
2019-01-12 15:20:53  INFO - ---->data from terminal is:0100002D06647879037500F6002D0A3E373031313142534A2D41362D424400000000000000000000003030303030383801B9F04C3632443236BA cn.hylexus.jt808.service.handler.TCPServerHandler(53)
2019-01-12 15:20:53  INFO - <<<<<[终端注册],phone=66478790375,flowid=246 cn.hylexus.jt808.service.handler.TCPServerHandler(307)
2019-01-12 15:20:56  INFO - ---->data from terminal is:0102000606647879037500F8313131313131E8 cn.hylexus.jt808.service.handler.TCPServerHandler(53)
2019-01-12 15:20:56  INFO - >>>>>[终端鉴权],phone=66478790375,flowid=248 cn.hylexus.jt808.service.handler.TCPServerHandler(291)
2019-01-12 15:20:56  INFO - <<<<<[终端鉴权],phone=66478790375,flowid=248 cn.hylexus.jt808.service.handler.TCPServerHandler(295)
2019-01-12 15:21:01  INFO - ---->data from terminal is:070400BD06647879037500F9000301003C00000080000C00C2016A635A065FA8A00020000000F419011215090801040000000002020000030200002504000000002B040000000030011731010C003C00000080000C00C2016A635A065FA8A0002F000000F419011215110801040000000002020000030200002504000000002B040000000030011731010D003C00000080000C00C2016A635A065FA8A0005A000000F419011215205201040000000002020000030200002504000000002B040000000030011731010CE4 cn.hylexus.jt808.service.handler.TCPServerHandler(53)
2019-01-12 15:21:01  INFO - >>>>>[批量上传位置信息],phone=66478790375,flowid=249 cn.hylexus.jt808.service.handler.TCPServerHandler(341)
2019-01-12 15:21:01  INFO - <<<<<[批量上传位置信息],phone=66478790375,flowid=249 cn.hylexus.jt808.service.handler.TCPServerHandler(349)
2019-01-12 15:21:03  INFO - ---->data from terminal is:0002000006647879037500FBEC cn.hylexus.jt808.service.handler.TCPServerHandler(53)
2019-01-12 15:21:03  INFO - >>>>>[终端心跳],phone=66478790375,flowid=251 cn.hylexus.jt808.service.handler.TCPServerHandler(279)
2019-01-12 15:21:03  INFO - <<<<<[终端心跳],phone=66478790375,flowid=251 cn.hylexus.jt808.service.handler.TCPServerHandler(282)
2019-01-12 15:22:54  INFO - TCP服务启动完毕,port=8099 cn.hylexus.jt808.server.Server808Thread(104)
2019-01-12 15:23:32  INFO - ---->data from terminal is:01020006066478790375000131313131313111 cn.hylexus.jt808.service.handler.TCPServerHandler(53)
2019-01-12 15:23:32  INFO - >>>>>[终端鉴权],phone=66478790375,flowid=1 cn.hylexus.jt808.service.handler.TCPServerHandler(291)
2019-01-12 15:23:32  INFO - <<<<<[终端鉴权],phone=66478790375,flowid=1 cn.hylexus.jt808.service.handler.TCPServerHandler(295)
2019-01-12 15:23:36  INFO - ---->data from terminal is:00020000066478790375000215 cn.hylexus.jt808.service.handler.TCPServerHandler(53)
2019-01-12 15:23:36  INFO - >>>>>[终端心跳],phone=66478790375,flowid=2 cn.hylexus.jt808.service.handler.TCPServerHandler(279)
2019-01-12 15:23:36  INFO - <<<<<[终端心跳],phone=66478790375,flowid=2 cn.hylexus.jt808.service.handler.TCPServerHandler(282)
2019-01-12 15:24:40  INFO - ---->data from terminal is:0200003C066478790375000800000000000C00C2016A6658065FA94800520000000019011215243901040000000002020000030200002504000000002B040000000030011731010C40 cn.hylexus.jt808.service.handler.TCPServerHandler(53)
2019-01-12 15:24:40  INFO - >>>>>[位置信息],phone=66478790375,flowid=8 cn.hylexus.jt808.service.handler.TCPServerHandler(328)
2019-01-12 15:24:40  INFO - <<<<<[位置信息],phone=66478790375,flowid=8 cn.hylexus.jt808.service.handler.TCPServerHandler(332)
2019-01-12 15:43:26  INFO - TCP服务启动完毕,port=8099 com.tuocheng.jt808.server.Server808Thread(104)
2019-01-12 15:43:34  INFO - ---->data from terminal is:01020006066478790375005231313131313142 com.tuocheng.jt808.service.handler.TCPServerHandler(53)
2019-01-12 15:43:34  INFO - >>>>>[终端鉴权],phone=66478790375,flowid=82 com.tuocheng.jt808.service.handler.TCPServerHandler(291)
2019-01-12 15:43:34  INFO - <<<<<[终端鉴权],phone=66478790375,flowid=82 com.tuocheng.jt808.service.handler.TCPServerHandler(295)
2019-01-12 15:43:34  INFO - ---->data from terminal is:01020006066478790375005431313131313144 com.tuocheng.jt808.service.handler.TCPServerHandler(53)
2019-01-12 15:43:34  INFO - >>>>>[终端鉴权],phone=66478790375,flowid=84 com.tuocheng.jt808.service.handler.TCPServerHandler(291)
2019-01-12 15:43:34  INFO - <<<<<[终端鉴权],phone=66478790375,flowid=84 com.tuocheng.jt808.service.handler.TCPServerHandler(295)
2019-01-12 15:43:34  INFO - ---->data from terminal is:01020006066478790375005631313131313146 com.tuocheng.jt808.service.handler.TCPServerHandler(53)
2019-01-12 15:43:34  INFO - >>>>>[终端鉴权],phone=66478790375,flowid=86 com.tuocheng.jt808.service.handler.TCPServerHandler(291)
2019-01-12 15:43:34  INFO - <<<<<[终端鉴权],phone=66478790375,flowid=86 com.tuocheng.jt808.service.handler.TCPServerHandler(295)
2019-01-12 15:44:45  INFO - ---->data from terminal is:0100002D0664787903750058002D0A3E373031313142534A2D41362D424400000000000000000000003030303030383801B9F04C363244323614 com.tuocheng.jt808.service.handler.TCPServerHandler(53)
2019-01-12 15:44:45  INFO - <<<<<[终端注册],phone=66478790375,flowid=88 com.tuocheng.jt808.service.handler.TCPServerHandler(307)
2019-01-12 15:44:52  INFO - ---->data from terminal is:01020006066478790375005931313131313149 com.tuocheng.jt808.service.handler.TCPServerHandler(53)
2019-01-12 15:44:52  INFO - >>>>>[终端鉴权],phone=66478790375,flowid=89 com.tuocheng.jt808.service.handler.TCPServerHandler(291)
2019-01-12 15:44:52  INFO - <<<<<[终端鉴权],phone=66478790375,flowid=89 com.tuocheng.jt808.service.handler.TCPServerHandler(295)
2019-01-12 15:44:53  INFO - ---->data from terminal is:0704007F066478790375005A000201003C00000000000C00C2016A6658065FA948005E0000000A19011215415301040000000002020000030200002504000000002B040000000030011731010C003C00000000000C00C2016A6658065FA94800660000000A19011215444701040000000002020000030200002504000000002B040000000030011731010B1E com.tuocheng.jt808.service.handler.TCPServerHandler(53)
2019-01-12 15:44:53  INFO - >>>>>[批量上传位置信息],phone=66478790375,flowid=90 com.tuocheng.jt808.service.handler.TCPServerHandler(341)
2019-01-12 15:44:53  INFO - <<<<<[批量上传位置信息],phone=66478790375,flowid=90 com.tuocheng.jt808.service.handler.TCPServerHandler(349)
2019-01-12 15:44:54  INFO - ---->data from terminal is:00020000066478790375005B4C com.tuocheng.jt808.service.handler.TCPServerHandler(53)
2019-01-12 15:44:54  INFO - >>>>>[终端心跳],phone=66478790375,flowid=91 com.tuocheng.jt808.service.handler.TCPServerHandler(279)
2019-01-12 15:44:54  INFO - <<<<<[终端心跳],phone=66478790375,flowid=91 com.tuocheng.jt808.service.handler.TCPServerHandler(282)
2019-01-12 15:46:49  INFO - ---->data from terminal is:0200003C066478790375006600000000000C00C2016A6658065FA94800600000000A19011215464601040000000002020000030200002504000000002B040000000030011731010B0C com.tuocheng.jt808.service.handler.TCPServerHandler(53)
2019-01-12 15:46:49  INFO - >>>>>[位置信息],phone=66478790375,flowid=102 com.tuocheng.jt808.service.handler.TCPServerHandler(328)
2019-01-12 15:46:49  INFO - <<<<<[位置信息],phone=66478790375,flowid=102 com.tuocheng.jt808.service.handler.TCPServerHandler(332)
